<?xml version="1.0" encoding="UTF-8"?>
<!-- Generated by org.testng.reporters.JUnitReportReporter -->
<testsuite hostname="USINDRJAMULA2" name="Tests_PATCH" tests="1" failures="0" timestamp="7 May 2020 01:38:23 GMT" time="6.531" errors="0">
  <testcase name="test_1_PATCH" time="6.531" classname="Tests_PATCH"/>
</testsuite> <!-- Tests_PATCH -->
