<?xml version="1.0" encoding="UTF-8"?>
<!-- Generated by org.testng.reporters.JUnitReportReporter -->
<testsuite hostname="USINDRJAMULA2" name="Tests_POST" tests="1" failures="0" timestamp="7 May 2020 01:29:20 GMT" time="5.701" errors="0">
  <testcase name="test_1_post" time="5.701" classname="Tests_POST"/>
</testsuite> <!-- Tests_POST -->
