<?xml version="1.0" encoding="UTF-8"?>
<!-- Generated by org.testng.reporters.JUnitReportReporter -->
<testsuite hostname="USINDRJAMULA2" name="Tests_PUT" tests="1" failures="0" timestamp="7 May 2020 01:35:44 GMT" time="6.618" errors="0">
  <testcase name="test_1_PUT" time="6.618" classname="Tests_PUT"/>
</testsuite> <!-- Tests_PUT -->
