<?xml version="1.0" encoding="UTF-8"?>
<!-- Generated by org.testng.reporters.JUnitReportReporter -->
<testsuite hostname="USINDRJAMULA2" name="Tests_GET" tests="1" failures="0" timestamp="7 May 2020 01:02:35 GMT" time="6.848" errors="0">
  <testcase name="test_1" time="6.848" classname="Tests_GET"/>
</testsuite> <!-- Tests_GET -->
