<?xml version="1.0" encoding="UTF-8"?>
<!-- Generated by org.testng.reporters.JUnitReportReporter -->
<testsuite hostname="USINDRJAMULA2" name="Examples" tests="1" failures="0" timestamp="8 May 2020 03:15:08 GMT" time="5.152" errors="0">
  <testcase name="test_post" time="5.152" classname="Examples"/>
</testsuite> <!-- Examples -->
