<?xml version="1.0" encoding="UTF-8"?>
<!-- Generated by org.testng.reporters.JUnitReportReporter -->
<testsuite hostname="USINDRJAMULA2" name="Tests_DELETE" tests="1" failures="0" timestamp="7 May 2020 01:42:56 GMT" time="5.555" errors="0">
  <testcase name="test_1_Delete" time="5.555" classname="Tests_DELETE"/>
</testsuite> <!-- Tests_DELETE -->
