<?xml version="1.0" encoding="UTF-8"?>
<!-- Generated by org.testng.reporters.JUnitReportReporter -->
<testsuite hostname="USINDRJAMULA2" name="Test01_GET" tests="1" failures="0" timestamp="6 May 2020 22:19:32 GMT" time="7.537" errors="0">
  <testcase name="test_01" time="7.537" classname="Test01_GET"/>
</testsuite> <!-- Test01_GET -->
